Build started 6/21/2012 8:23:06 PM.
     1>Project "c:\Users\Henry\documents\visual studio 2010\Projects\GPAplanner\GPAplanner\GPAplanner.vcxproj" on node 2 (build target(s)).
     1>InitializeBuildStatus:
         Creating "Debug\GPAplanner.unsuccessfulbuild" because "AlwaysCreate" was specified.
       ClCompile:
         C:\Program Files\Microsoft Visual Studio 10.0\VC\bin\CL.exe /c /ZI /nologo /W3 /WX- /Od /Oy- /D _MBCS /Gm /EHsc /RTC1 /MDd /GS /fp:precise /Zc:wchar_t /Zc:forScope /Fo"Debug\\" /Fd"Debug\vc100.pdb" /Gd /TP /analyze- /errorReport:prompt gpa.cpp
         gpa.cpp
     1>c:\users\henry\documents\visual studio 2010\projects\gpaplanner\gpaplanner\gpa.cpp(8): warning C4101: 'credit_remain' : unreferenced local variable
       Link:
         C:\Program Files\Microsoft Visual Studio 10.0\VC\bin\link.exe /ERRORREPORT:PROMPT /OUT:"c:\users\henry\documents\visual studio 2010\Projects\GPAplanner\Debug\GPAplanner.exe" /NOLOGO kernel32.lib user32.lib gdi32.lib winspool.lib comdlg32.lib advapi32.lib shell32.lib ole32.lib oleaut32.lib uuid.lib odbc32.lib odbccp32.lib /MANIFEST /ManifestFile:"Debug\GPAplanner.exe.intermediate.manifest" /MANIFESTUAC:"level='asInvoker' uiAccess='false'" /DEBUG /PDB:"c:\users\henry\documents\visual studio 2010\Projects\GPAplanner\Debug\GPAplanner.pdb" /TLBID:1 /DYNAMICBASE /NXCOMPAT /IMPLIB:"c:\users\henry\documents\visual studio 2010\Projects\GPAplanner\Debug\GPAplanner.lib" /MACHINE:X86 Debug\gpa.obj
         LINK : c:\users\henry\documents\visual studio 2010\Projects\GPAplanner\Debug\GPAplanner.exe not found or not built by the last incremental link; performing full link
         GPAplanner.vcxproj -> c:\users\henry\documents\visual studio 2010\Projects\GPAplanner\Debug\GPAplanner.exe
       Manifest:
         C:\Program Files\Microsoft SDKs\Windows\v7.0A\bin\mt.exe /nologo /verbose /outputresource:"c:\users\henry\documents\visual studio 2010\Projects\GPAplanner\Debug\GPAplanner.exe;#1" /manifest Debug\GPAplanner.exe.intermediate.manifest
       FinalizeBuildStatus:
         Deleting file "Debug\GPAplanner.unsuccessfulbuild".
         Touching "Debug\GPAplanner.lastbuildstate".
     1>Done Building Project "c:\Users\Henry\documents\visual studio 2010\Projects\GPAplanner\GPAplanner\GPAplanner.vcxproj" (build target(s)).

Build succeeded.

Time Elapsed 00:00:00.85
